<?xml version="1.0" encoding="UTF-8"?>
<testsuites tests="7" failures="0" disabled="0" errors="0" timestamp="2017-01-10T23:40:23" time="0.001" name="AllTests">
  <testsuite name="JsonCommonTest" tests="7" failures="0" disabled="0" errors="0" time="0.001">
    <testcase name="TestisSensorMessage_RESULT_OK" status="run" time="0" classname="JsonCommonTest" />
    <testcase name="TestisSensorMessage_RESULT_FAILURE_1" status="run" time="0" classname="JsonCommonTest" />
    <testcase name="TestisSensorMessage_RESULT_FAILURE_2" status="run" time="0" classname="JsonCommonTest" />
    <testcase name="TestisSensorMessage_RESULT_FAILURE_3" status="run" time="0" classname="JsonCommonTest" />
    <testcase name="TestgetJSONMessageType_MESSAGE_TYPE_SMART_PLUG_ON" status="run" time="0" classname="JsonCommonTest" />
    <testcase name="TestgetJSONMessageType_MESSAGE_TYPE_SMART_PLUG_OFF" status="run" time="0" classname="JsonCommonTest" />
    <testcase name="TestgetJSONMessageType_DEFAULT_TYPE" status="run" time="0" classname="JsonCommonTest" />
  </testsuite>
</testsuites>
